mode: set
github.com/pkumsi/SER-517-Faculty-Team-9/backend/internal/services/inference.go:57.71,69.2 8 1
github.com/pkumsi/SER-517-Faculty-Team-9/backend/internal/services/inference.go:83.55,91.74 6 1
github.com/pkumsi/SER-517-Faculty-Team-9/backend/internal/services/inference.go:91.74,93.3 1 1
github.com/pkumsi/SER-517-Faculty-Team-9/backend/internal/services/inference.go:97.2,97.55 1 1
github.com/pkumsi/SER-517-Faculty-Team-9/backend/internal/services/inference.go:97.55,99.3 1 1
github.com/pkumsi/SER-517-Faculty-Team-9/backend/internal/services/inference.go:103.2,103.23 1 1
github.com/pkumsi/SER-517-Faculty-Team-9/backend/internal/services/inference.go:121.56,124.57 1 1
github.com/pkumsi/SER-517-Faculty-Team-9/backend/internal/services/inference.go:124.57,125.51 1 1
github.com/pkumsi/SER-517-Faculty-Team-9/backend/internal/services/inference.go:125.51,127.4 1 1
github.com/pkumsi/SER-517-Faculty-Team-9/backend/internal/services/inference.go:128.3,128.41 1 1
github.com/pkumsi/SER-517-Faculty-Team-9/backend/internal/services/inference.go:132.2,132.74 1 1
github.com/pkumsi/SER-517-Faculty-Team-9/backend/internal/services/inference.go:132.74,134.39 2 1
github.com/pkumsi/SER-517-Faculty-Team-9/backend/internal/services/inference.go:134.39,136.4 1 1
github.com/pkumsi/SER-517-Faculty-Team-9/backend/internal/services/inference.go:137.3,137.37 1 1
github.com/pkumsi/SER-517-Faculty-Team-9/backend/internal/services/inference.go:137.37,139.4 1 1
github.com/pkumsi/SER-517-Faculty-Team-9/backend/internal/services/inference.go:143.2,143.43 1 1
github.com/pkumsi/SER-517-Faculty-Team-9/backend/internal/services/inference.go:143.43,145.3 1 1
github.com/pkumsi/SER-517-Faculty-Team-9/backend/internal/services/inference.go:149.2,149.28 1 1
github.com/pkumsi/SER-517-Faculty-Team-9/backend/internal/services/inference.go:149.28,150.27 1 1
github.com/pkumsi/SER-517-Faculty-Team-9/backend/internal/services/inference.go:151.21,152.43 1 1
github.com/pkumsi/SER-517-Faculty-Team-9/backend/internal/services/inference.go:153.21,154.30 1 1
github.com/pkumsi/SER-517-Faculty-Team-9/backend/internal/services/inference.go:155.18,156.30 1 1
github.com/pkumsi/SER-517-Faculty-Team-9/backend/internal/services/inference.go:157.18,158.30 1 1
github.com/pkumsi/SER-517-Faculty-Team-9/backend/internal/services/inference.go:159.16,161.62 1 1
github.com/pkumsi/SER-517-Faculty-Team-9/backend/internal/services/inference.go:161.62,163.5 1 1
github.com/pkumsi/SER-517-Faculty-Team-9/backend/internal/services/inference.go:164.4,164.66 1 1
github.com/pkumsi/SER-517-Faculty-Team-9/backend/internal/services/inference.go:169.2,171.35 1 1
github.com/pkumsi/SER-517-Faculty-Team-9/backend/internal/services/inference.go:171.35,173.3 1 1
github.com/pkumsi/SER-517-Faculty-Team-9/backend/internal/services/inference.go:175.2,175.11 1 1
github.com/pkumsi/SER-517-Faculty-Team-9/backend/internal/services/inference.go:185.59,186.26 1 1
github.com/pkumsi/SER-517-Faculty-Team-9/backend/internal/services/inference.go:186.26,187.20 1 1
github.com/pkumsi/SER-517-Faculty-Team-9/backend/internal/services/inference.go:187.20,189.4 1 1
github.com/pkumsi/SER-517-Faculty-Team-9/backend/internal/services/inference.go:190.3,190.12 1 1
github.com/pkumsi/SER-517-Faculty-Team-9/backend/internal/services/inference.go:193.2,195.9 3 1
github.com/pkumsi/SER-517-Faculty-Team-9/backend/internal/services/inference.go:196.30,197.51 1 1
github.com/pkumsi/SER-517-Faculty-Team-9/backend/internal/services/inference.go:198.31,199.53 1 1
github.com/pkumsi/SER-517-Faculty-Team-9/backend/internal/services/inference.go:200.31,201.51 1 1
github.com/pkumsi/SER-517-Faculty-Team-9/backend/internal/services/inference.go:202.10,203.49 1 1
github.com/pkumsi/SER-517-Faculty-Team-9/backend/internal/services/inference.go:206.2,206.51 1 1
github.com/pkumsi/SER-517-Faculty-Team-9/backend/internal/services/inference.go:206.51,208.3 1 1
github.com/pkumsi/SER-517-Faculty-Team-9/backend/internal/services/inference.go:210.2,210.18 1 1
github.com/pkumsi/SER-517-Faculty-Team-9/backend/internal/services/inference.go:218.68,220.56 1 1
github.com/pkumsi/SER-517-Faculty-Team-9/backend/internal/services/inference.go:220.56,222.19 2 1
github.com/pkumsi/SER-517-Faculty-Team-9/backend/internal/services/inference.go:222.19,224.4 1 1
github.com/pkumsi/SER-517-Faculty-Team-9/backend/internal/services/inference.go:225.3,225.19 1 1
github.com/pkumsi/SER-517-Faculty-Team-9/backend/internal/services/inference.go:225.19,227.4 1 1
github.com/pkumsi/SER-517-Faculty-Team-9/backend/internal/services/inference.go:228.3,230.21 3 1
github.com/pkumsi/SER-517-Faculty-Team-9/backend/internal/services/inference.go:230.21,232.4 1 1
github.com/pkumsi/SER-517-Faculty-Team-9/backend/internal/services/inference.go:233.3,233.82 1 1
github.com/pkumsi/SER-517-Faculty-Team-9/backend/internal/services/inference.go:238.2,238.57 1 1
github.com/pkumsi/SER-517-Faculty-Team-9/backend/internal/services/inference.go:238.57,240.3 1 1
github.com/pkumsi/SER-517-Faculty-Team-9/backend/internal/services/inference.go:242.2,242.11 1 1
github.com/pkumsi/SER-517-Faculty-Team-9/backend/internal/services/inference.go:253.58,255.48 2 1
github.com/pkumsi/SER-517-Faculty-Team-9/backend/internal/services/inference.go:255.48,257.3 1 1
github.com/pkumsi/SER-517-Faculty-Team-9/backend/internal/services/inference.go:259.2,261.37 2 1
github.com/pkumsi/SER-517-Faculty-Team-9/backend/internal/services/inference.go:261.37,263.3 1 1
github.com/pkumsi/SER-517-Faculty-Team-9/backend/internal/services/inference.go:264.2,264.19 1 1
github.com/pkumsi/SER-517-Faculty-Team-9/backend/internal/services/inference.go:264.19,266.3 1 1
github.com/pkumsi/SER-517-Faculty-Team-9/backend/internal/services/inference.go:267.2,267.20 1 1
github.com/pkumsi/SER-517-Faculty-Team-9/backend/internal/services/inference.go:267.20,269.3 1 1
github.com/pkumsi/SER-517-Faculty-Team-9/backend/internal/services/inference.go:271.2,271.11 1 1
github.com/pkumsi/SER-517-Faculty-Team-9/backend/internal/services/inference.go:275.48,289.43 2 1
github.com/pkumsi/SER-517-Faculty-Team-9/backend/internal/services/inference.go:289.43,291.3 1 1
github.com/pkumsi/SER-517-Faculty-Team-9/backend/internal/services/inference.go:292.2,292.23 1 1
github.com/pkumsi/SER-517-Faculty-Team-9/backend/internal/services/inference.go:292.23,294.3 1 1
github.com/pkumsi/SER-517-Faculty-Team-9/backend/internal/services/inference.go:295.2,295.11 1 1
github.com/pkumsi/SER-517-Faculty-Team-9/backend/internal/services/inference.go:307.55,311.33 2 1
github.com/pkumsi/SER-517-Faculty-Team-9/backend/internal/services/inference.go:311.33,312.33 1 1
github.com/pkumsi/SER-517-Faculty-Team-9/backend/internal/services/inference.go:312.33,314.4 1 1
github.com/pkumsi/SER-517-Faculty-Team-9/backend/internal/services/inference.go:314.9,314.40 1 1
github.com/pkumsi/SER-517-Faculty-Team-9/backend/internal/services/inference.go:314.40,316.4 1 1
github.com/pkumsi/SER-517-Faculty-Team-9/backend/internal/services/inference.go:320.2,320.44 1 1
github.com/pkumsi/SER-517-Faculty-Team-9/backend/internal/services/inference.go:320.44,322.24 2 1
github.com/pkumsi/SER-517-Faculty-Team-9/backend/internal/services/inference.go:322.24,324.4 1 1
github.com/pkumsi/SER-517-Faculty-Team-9/backend/internal/services/inference.go:328.2,330.35 1 1
github.com/pkumsi/SER-517-Faculty-Team-9/backend/internal/services/inference.go:330.35,332.3 1 1
github.com/pkumsi/SER-517-Faculty-Team-9/backend/internal/services/inference.go:335.2,335.60 1 1
github.com/pkumsi/SER-517-Faculty-Team-9/backend/internal/services/inference.go:335.60,337.3 1 1
github.com/pkumsi/SER-517-Faculty-Team-9/backend/internal/services/inference.go:339.2,339.9 1 1
github.com/pkumsi/SER-517-Faculty-Team-9/backend/internal/services/inference.go:340.18,341.16 1 1
github.com/pkumsi/SER-517-Faculty-Team-9/backend/internal/services/inference.go:342.18,343.18 1 1
github.com/pkumsi/SER-517-Faculty-Team-9/backend/internal/services/inference.go:344.10,345.15 1 1
github.com/pkumsi/SER-517-Faculty-Team-9/backend/internal/services/llm.go:21.74,22.18 1 0
github.com/pkumsi/SER-517-Faculty-Team-9/backend/internal/services/llm.go:22.18,24.3 1 0
github.com/pkumsi/SER-517-Faculty-Team-9/backend/internal/services/llm.go:25.2,25.17 1 0
github.com/pkumsi/SER-517-Faculty-Team-9/backend/internal/services/llm.go:25.17,27.3 1 0
github.com/pkumsi/SER-517-Faculty-Team-9/backend/internal/services/llm.go:29.2,49.16 6 0
github.com/pkumsi/SER-517-Faculty-Team-9/backend/internal/services/llm.go:49.16,51.3 1 0
github.com/pkumsi/SER-517-Faculty-Team-9/backend/internal/services/llm.go:53.2,53.28 1 0
github.com/pkumsi/SER-517-Faculty-Team-9/backend/internal/services/llm.go:53.28,55.3 1 0
github.com/pkumsi/SER-517-Faculty-Team-9/backend/internal/services/llm.go:57.2,57.45 1 0
github.com/pkumsi/SER-517-Faculty-Team-9/backend/internal/services/llm_service.go:12.144,16.16 1 0
github.com/pkumsi/SER-517-Faculty-Team-9/backend/internal/services/llm_service.go:16.16,18.3 1 0
github.com/pkumsi/SER-517-Faculty-Team-9/backend/internal/services/llm_service.go:19.2,19.24 1 0
github.com/pkumsi/SER-517-Faculty-Team-9/backend/internal/services/llm_service.go:19.24,21.3 1 0
github.com/pkumsi/SER-517-Faculty-Team-9/backend/internal/services/llm_service.go:25.2,29.29 2 0
github.com/pkumsi/SER-517-Faculty-Team-9/backend/internal/services/llm_service.go:29.29,31.3 1 0
github.com/pkumsi/SER-517-Faculty-Team-9/backend/internal/services/llm_service.go:33.2,34.14 2 0
github.com/pkumsi/SER-517-Faculty-Team-9/backend/internal/services/llm_service.go:34.14,43.62 2 0
github.com/pkumsi/SER-517-Faculty-Team-9/backend/internal/services/llm_service.go:43.62,46.4 2 0
github.com/pkumsi/SER-517-Faculty-Team-9/backend/internal/services/llm_service.go:46.9,50.18 4 0
github.com/pkumsi/SER-517-Faculty-Team-9/backend/internal/services/llm_service.go:50.18,52.5 1 0
github.com/pkumsi/SER-517-Faculty-Team-9/backend/internal/services/llm_service.go:53.4,53.80 1 0
github.com/pkumsi/SER-517-Faculty-Team-9/backend/internal/services/llm_service.go:53.80,55.5 1 0
github.com/pkumsi/SER-517-Faculty-Team-9/backend/internal/services/llm_service.go:57.8,61.17 4 0
github.com/pkumsi/SER-517-Faculty-Team-9/backend/internal/services/llm_service.go:61.17,63.4 1 0
github.com/pkumsi/SER-517-Faculty-Team-9/backend/internal/services/llm_service.go:67.2,79.8 3 0
github.com/pkumsi/SER-517-Faculty-Team-9/backend/internal/services/prompt.go:18.53,22.2 3 0
github.com/pkumsi/SER-517-Faculty-Team-9/backend/internal/services/prompt.go:33.38,47.2 1 0
github.com/pkumsi/SER-517-Faculty-Team-9/backend/internal/services/prompt.go:51.59,52.26 1 0
github.com/pkumsi/SER-517-Faculty-Team-9/backend/internal/services/prompt.go:53.23,54.40 1 0
github.com/pkumsi/SER-517-Faculty-Team-9/backend/internal/services/prompt.go:55.19,56.36 1 0
github.com/pkumsi/SER-517-Faculty-Team-9/backend/internal/services/prompt.go:57.10,58.39 1 0
github.com/pkumsi/SER-517-Faculty-Team-9/backend/internal/services/prompt.go:69.61,72.29 2 0
github.com/pkumsi/SER-517-Faculty-Team-9/backend/internal/services/prompt.go:72.29,74.3 1 0
github.com/pkumsi/SER-517-Faculty-Team-9/backend/internal/services/prompt.go:76.2,76.41 1 0
github.com/pkumsi/SER-517-Faculty-Team-9/backend/internal/services/prompt.go:76.41,78.3 1 0
github.com/pkumsi/SER-517-Faculty-Team-9/backend/internal/services/prompt.go:78.8,78.39 1 0
github.com/pkumsi/SER-517-Faculty-Team-9/backend/internal/services/prompt.go:78.39,81.3 1 0
github.com/pkumsi/SER-517-Faculty-Team-9/backend/internal/services/prompt.go:83.2,84.16 2 0
github.com/pkumsi/SER-517-Faculty-Team-9/backend/internal/services/prompt.go:93.58,96.29 2 0
github.com/pkumsi/SER-517-Faculty-Team-9/backend/internal/services/prompt.go:96.29,98.3 1 0
github.com/pkumsi/SER-517-Faculty-Team-9/backend/internal/services/prompt.go:100.2,100.32 1 0
github.com/pkumsi/SER-517-Faculty-Team-9/backend/internal/services/prompt.go:100.32,102.3 1 0
github.com/pkumsi/SER-517-Faculty-Team-9/backend/internal/services/prompt.go:104.2,104.31 1 0
github.com/pkumsi/SER-517-Faculty-Team-9/backend/internal/services/prompt.go:104.31,106.3 1 0
github.com/pkumsi/SER-517-Faculty-Team-9/backend/internal/services/prompt.go:108.2,108.28 1 0
github.com/pkumsi/SER-517-Faculty-Team-9/backend/internal/services/prompt.go:108.28,110.3 1 0
github.com/pkumsi/SER-517-Faculty-Team-9/backend/internal/services/prompt.go:112.2,113.16 2 0
github.com/pkumsi/SER-517-Faculty-Team-9/backend/internal/services/prompt.go:124.62,127.29 2 0
github.com/pkumsi/SER-517-Faculty-Team-9/backend/internal/services/prompt.go:127.29,129.3 1 0
github.com/pkumsi/SER-517-Faculty-Team-9/backend/internal/services/prompt.go:131.2,131.32 1 0
github.com/pkumsi/SER-517-Faculty-Team-9/backend/internal/services/prompt.go:131.32,133.3 1 0
github.com/pkumsi/SER-517-Faculty-Team-9/backend/internal/services/prompt.go:135.2,135.31 1 0
github.com/pkumsi/SER-517-Faculty-Team-9/backend/internal/services/prompt.go:135.31,137.3 1 0
github.com/pkumsi/SER-517-Faculty-Team-9/backend/internal/services/prompt.go:139.2,139.28 1 0
github.com/pkumsi/SER-517-Faculty-Team-9/backend/internal/services/prompt.go:139.28,141.3 1 0
github.com/pkumsi/SER-517-Faculty-Team-9/backend/internal/services/prompt.go:143.2,143.41 1 0
github.com/pkumsi/SER-517-Faculty-Team-9/backend/internal/services/prompt.go:143.41,145.3 1 0
github.com/pkumsi/SER-517-Faculty-Team-9/backend/internal/services/prompt.go:147.2,148.16 2 0
